<?xml version="1.0" encoding="UTF-8"?>
<!-- Generated by org.testng.reporters.JUnitReportReporter -->
<testsuite hostname="Mahesh-PC" failures="0" tests="1" name="TestLayer.LoginPageTest" time="6.149" errors="0" timestamp="2023-07-10T23:40:52 IST" skipped="0">
  <testcase classname="TestLayer.LoginPageTest" name="validateLoginFunctionality" time="6.149"/>
  <system-out/>
</testsuite> <!-- TestLayer.LoginPageTest -->
